Performing C SOURCE FILE Test CMAKE_HAVE_LIBC_PTHREAD failed with the following output:
Change Dir: /home/rempoir/Documents/IMAC/Annee2/Semestre 2/Programmation/Simple-p6-Setup/build/CMakeFiles/CMakeScratch/TryCompile-iXb3sU

Run Build Command(s):/usr/bin/make -f Makefile cmTC_a664e/fast && /usr/bin/make  -f CMakeFiles/cmTC_a664e.dir/build.make CMakeFiles/cmTC_a664e.dir/build
make[1] : on entre dans le répertoire « /home/rempoir/Documents/IMAC/Annee2/Semestre 2/Programmation/Simple-p6-Setup/build/CMakeFiles/CMakeScratch/TryCompile-iXb3sU »
Building C object CMakeFiles/cmTC_a664e.dir/src.c.o
/usr/bin/gcc -DCMAKE_HAVE_LIBC_PTHREAD   -o CMakeFiles/cmTC_a664e.dir/src.c.o -c "/home/rempoir/Documents/IMAC/Annee2/Semestre 2/Programmation/Simple-p6-Setup/build/CMakeFiles/CMakeScratch/TryCompile-iXb3sU/src.c"
Linking C executable cmTC_a664e
/snap/cmake/1216/bin/cmake -E cmake_link_script CMakeFiles/cmTC_a664e.dir/link.txt --verbose=1
/usr/bin/gcc CMakeFiles/cmTC_a664e.dir/src.c.o -o cmTC_a664e 
/usr/bin/ld : CMakeFiles/cmTC_a664e.dir/src.c.o : dans la fonction « main » :
src.c:(.text+0x46) : référence indéfinie vers « pthread_create »
/usr/bin/ld : src.c:(.text+0x52) : référence indéfinie vers « pthread_detach »
/usr/bin/ld : src.c:(.text+0x5e) : référence indéfinie vers « pthread_cancel »
/usr/bin/ld : src.c:(.text+0x6f) : référence indéfinie vers « pthread_join »
collect2: error: ld returned 1 exit status
make[1]: *** [CMakeFiles/cmTC_a664e.dir/build.make:99 : cmTC_a664e] Erreur 1
make[1] : on quitte le répertoire « /home/rempoir/Documents/IMAC/Annee2/Semestre 2/Programmation/Simple-p6-Setup/build/CMakeFiles/CMakeScratch/TryCompile-iXb3sU »
make: *** [Makefile:127 : cmTC_a664e/fast] Erreur 2


Source file was:
#include <pthread.h>

static void* test_func(void* data)
{
  return data;
}

int main(void)
{
  pthread_t thread;
  pthread_create(&thread, NULL, test_func, NULL);
  pthread_detach(thread);
  pthread_cancel(thread);
  pthread_join(thread, NULL);
  pthread_atfork(NULL, NULL, NULL);
  pthread_exit(NULL);

  return 0;
}


Determining if the function pthread_create exists in the pthreads failed with the following output:
Change Dir: /home/rempoir/Documents/IMAC/Annee2/Semestre 2/Programmation/Simple-p6-Setup/build/CMakeFiles/CMakeScratch/TryCompile-x6U5PX

Run Build Command(s):/usr/bin/make -f Makefile cmTC_96d70/fast && /usr/bin/make  -f CMakeFiles/cmTC_96d70.dir/build.make CMakeFiles/cmTC_96d70.dir/build
make[1] : on entre dans le répertoire « /home/rempoir/Documents/IMAC/Annee2/Semestre 2/Programmation/Simple-p6-Setup/build/CMakeFiles/CMakeScratch/TryCompile-x6U5PX »
Building C object CMakeFiles/cmTC_96d70.dir/CheckFunctionExists.c.o
/usr/bin/gcc   -DCHECK_FUNCTION_EXISTS=pthread_create -o CMakeFiles/cmTC_96d70.dir/CheckFunctionExists.c.o -c "/home/rempoir/Documents/IMAC/Annee2/Semestre 2/Programmation/Simple-p6-Setup/build/CMakeFiles/CMakeScratch/TryCompile-x6U5PX/CheckFunctionExists.c"
Linking C executable cmTC_96d70
/snap/cmake/1216/bin/cmake -E cmake_link_script CMakeFiles/cmTC_96d70.dir/link.txt --verbose=1
/usr/bin/gcc  -DCHECK_FUNCTION_EXISTS=pthread_create CMakeFiles/cmTC_96d70.dir/CheckFunctionExists.c.o -o cmTC_96d70  -lpthreads 
/usr/bin/ld : ne peut trouver -lpthreads
collect2: error: ld returned 1 exit status
make[1]: *** [CMakeFiles/cmTC_96d70.dir/build.make:99 : cmTC_96d70] Erreur 1
make[1] : on quitte le répertoire « /home/rempoir/Documents/IMAC/Annee2/Semestre 2/Programmation/Simple-p6-Setup/build/CMakeFiles/CMakeScratch/TryCompile-x6U5PX »
make: *** [Makefile:127 : cmTC_96d70/fast] Erreur 2



